# JRE version: Java(TM) SE Runtime Environment (21.0.7+8) (build 21.0.7+8-LTS-245)
# Java VM: Java HotSpot(TM) 64-Bit Server VM (21.0.7+8-LTS-245, mixed mode, sharing, tiered, compressed oops, compressed class ptrs, g1 gc, bsd-aarch64)
Heap:
 garbage-first heap   total 73728K, used 50286K [0x0000000700000000, 0x0000000800000000)
  region size 2048K, 13 young (26624K), 3 survivors (6144K)
 Metaspace       used 52823K, committed 53248K, reserved 1114112K
  class space    used 6589K, committed 6784K, reserved 1048576K
GC Heap History (18 events):
Event: 5.281 GC heap before
{Heap before GC invocations=0 (full 0):
 garbage-first heap   total 264192K, used 21547K [0x0000000700000000, 0x0000000800000000)
  region size 2048K, 11 young (22528K), 0 survivors (0K)
 Metaspace       used 4642K, committed 4864K, reserved 1114112K
  class space    used 508K, committed 576K, reserved 1048576K
}
Event: 5.282 GC heap after
{Heap after GC invocations=1 (full 0):
 garbage-first heap   total 264192K, used 5581K [0x0000000700000000, 0x0000000800000000)
  region size 2048K, 2 young (4096K), 2 survivors (4096K)
 Metaspace       used 4642K, committed 4864K, reserved 1114112K
  class space    used 508K, committed 576K, reserved 1048576K
}
Event: 5.635 GC heap before
{Heap before GC invocations=1 (full 0):
 garbage-first heap   total 264192K, used 46541K [0x0000000700000000, 0x0000000800000000)
  region size 2048K, 23 young (47104K), 2 survivors (4096K)
 Metaspace       used 19235K, committed 19520K, reserved 1114112K
  class space    used 2387K, committed 2560K, reserved 1048576K
}
Event: 5.637 GC heap after
{Heap after GC invocations=2 (full 0):
 garbage-first heap   total 264192K, used 11587K [0x0000000700000000, 0x0000000800000000)
  region size 2048K, 3 young (6144K), 3 survivors (6144K)
 Metaspace       used 19235K, committed 19520K, reserved 1114112K
  class space    used 2387K, committed 2560K, reserved 1048576K
}
Event: 5.698 GC heap before
{Heap before GC invocations=2 (full 0):
 garbage-first heap   total 264192K, used 21827K [0x0000000700000000, 0x0000000800000000)
  region size 2048K, 9 young (18432K), 3 survivors (6144K)
 Metaspace       used 21251K, committed 21504K, reserved 1114112K
  class space    used 2704K, committed 2816K, reserved 1048576K
}
Event: 5.700 GC heap after
{Heap after GC invocations=3 (full 0):
 garbage-first heap   total 264192K, used 12541K [0x0000000700000000, 0x0000000800000000)
  region size 2048K, 4 young (8192K), 4 survivors (8192K)
 Metaspace       used 21251K, committed 21504K, reserved 1114112K
  class space    used 2704K, committed 2816K, reserved 1048576K
}
Event: 10.285 GC heap before
{Heap before GC invocations=4 (full 0):
 garbage-first heap   total 61440K, used 57597K [0x0000000700000000, 0x0000000800000000)
  region size 2048K, 23 young (47104K), 4 survivors (8192K)
 Metaspace       used 27078K, committed 27520K, reserved 1114112K
  class space    used 3677K, committed 3904K, reserved 1048576K
}
Event: 10.288 GC heap after
{Heap after GC invocations=5 (full 0):
 garbage-first heap   total 73728K, used 18107K [0x0000000700000000, 0x0000000800000000)
  region size 2048K, 6 young (12288K), 6 survivors (12288K)
 Metaspace       used 27078K, committed 27520K, reserved 1114112K
  class space    used 3677K, committed 3904K, reserved 1048576K
}
Event: 10.427 GC heap before
{Heap before GC invocations=5 (full 0):
 garbage-first heap   total 73728K, used 48827K [0x0000000700000000, 0x0000000800000000)
  region size 2048K, 21 young (43008K), 6 survivors (12288K)
 Metaspace       used 34362K, committed 34752K, reserved 1114112K
  class space    used 4497K, committed 4672K, reserved 1048576K
}
Event: 10.430 GC heap after
{Heap after GC invocations=6 (full 0):
 garbage-first heap   total 73728K, used 20075K [0x0000000700000000, 0x0000000800000000)
  region size 2048K, 2 young (4096K), 2 survivors (4096K)
 Metaspace       used 34362K, committed 34752K, reserved 1114112K
  class space    used 4497K, committed 4672K, reserved 1048576K
}
Event: 10.464 GC heap before
{Heap before GC invocations=6 (full 0):
 garbage-first heap   total 73728K, used 24171K [0x0000000700000000, 0x0000000800000000)
  region size 2048K, 6 young (12288K), 2 survivors (4096K)
 Metaspace       used 35797K, committed 36096K, reserved 1114112K
  class space    used 4644K, committed 4800K, reserved 1048576K
}
Event: 10.465 GC heap after
{Heap after GC invocations=7 (full 0):
 garbage-first heap   total 73728K, used 20216K [0x0000000700000000, 0x0000000800000000)
  region size 2048K, 2 young (4096K), 2 survivors (4096K)
 Metaspace       used 35797K, committed 36096K, reserved 1114112K
  class space    used 4644K, committed 4800K, reserved 1048576K
}
Event: 13.445 GC heap before
{Heap before GC invocations=8 (full 0):
 garbage-first heap   total 73728K, used 52984K [0x0000000700000000, 0x0000000800000000)
  region size 2048K, 19 young (38912K), 2 survivors (4096K)
 Metaspace       used 49256K, committed 49728K, reserved 1114112K
  class space    used 6239K, committed 6464K, reserved 1048576K
}
Event: 13.446 GC heap after
{Heap after GC invocations=9 (full 0):
 garbage-first heap   total 73728K, used 23935K [0x0000000700000000, 0x0000000800000000)
  region size 2048K, 3 young (6144K), 3 survivors (6144K)
 Metaspace       used 49256K, committed 49728K, reserved 1114112K
  class space    used 6239K, committed 6464K, reserved 1048576K
}
Event: 15.178 GC heap before
{Heap before GC invocations=9 (full 0):
 garbage-first heap   total 73728K, used 54655K [0x0000000700000000, 0x0000000800000000)
  region size 2048K, 19 young (38912K), 3 survivors (6144K)
 Metaspace       used 49737K, committed 50240K, reserved 1114112K
  class space    used 6243K, committed 6464K, reserved 1048576K
}
Event: 15.181 GC heap after
{Heap after GC invocations=10 (full 0):
 garbage-first heap   total 73728K, used 26643K [0x0000000700000000, 0x0000000800000000)
  region size 2048K, 2 young (4096K), 2 survivors (4096K)
 Metaspace       used 49737K, committed 50240K, reserved 1114112K
  class space    used 6243K, committed 6464K, reserved 1048576K
}
Event: 29.945 GC heap before
{Heap before GC invocations=10 (full 0):
 garbage-first heap   total 73728K, used 59411K [0x0000000700000000, 0x0000000800000000)
  region size 2048K, 18 young (36864K), 2 survivors (4096K)
 Metaspace       used 52026K, committed 52544K, reserved 1114112K
  class space    used 6531K, committed 6784K, reserved 1048576K
}
Event: 29.947 GC heap after
{Heap after GC invocations=11 (full 0):
 garbage-first heap   total 73728K, used 30152K [0x0000000700000000, 0x0000000800000000)
  region size 2048K, 3 young (6144K), 3 survivors (6144K)
 Metaspace       used 52026K, committed 52544K, reserved 1114112K
  class space    used 6531K, committed 6784K, reserved 1048576K
}

